{"C:\\Users\\bmfas\\Downloads\\Nova pasta\\Testes\\testes\\config.js": {"path":"C:\\Users\\bmfas\\Downloads\\Nova pasta\\Testes\\testes\\config.js","statementMap":{"0":{"start":{"line":1,"column":14},"end":{"line":1,"column":164}},"1":{"start":{"line":3,"column":0},"end":{"line":3,"column":22}}},"fnMap":{},"branchMap":{},"s":{"0":6,"1":6},"f":{},"b":{},"_coverageSchema":"1a1c01bbd47fc00a2c39e90264f33305004495a9","hash":"ae379e7607d2f4b016846144e3b6b4c46ca75dfa"}
,"C:\\Users\\bmfas\\Downloads\\Nova pasta\\Testes\\testes\\typePosts_districs.js": {"path":"C:\\Users\\bmfas\\Downloads\\Nova pasta\\Testes\\testes\\typePosts_districs.js","statementMap":{"0":{"start":{"line":1,"column":14},"end":{"line":1,"column":30}},"1":{"start":{"line":2,"column":19},"end":{"line":2,"column":42}},"2":{"start":{"line":4,"column":0},"end":{"line":12,"column":2}},"3":{"start":{"line":5,"column":2},"end":{"line":11,"column":3}},"4":{"start":{"line":6,"column":19},"end":{"line":6,"column":51}},"5":{"start":{"line":7,"column":21},"end":{"line":7,"column":99}},"6":{"start":{"line":8,"column":4},"end":{"line":8,"column":25}},"7":{"start":{"line":10,"column":4},"end":{"line":10,"column":31}},"8":{"start":{"line":14,"column":0},"end":{"line":22,"column":2}},"9":{"start":{"line":15,"column":2},"end":{"line":21,"column":3}},"10":{"start":{"line":16,"column":19},"end":{"line":16,"column":51}},"11":{"start":{"line":17,"column":21},"end":{"line":17,"column":107}},"12":{"start":{"line":18,"column":4},"end":{"line":18,"column":25}},"13":{"start":{"line":20,"column":4},"end":{"line":20,"column":35}}},"fnMap":{"0":{"name":"(anonymous_0)","decl":{"start":{"line":4,"column":31},"end":{"line":4,"column":32}},"loc":{"start":{"line":4,"column":56},"end":{"line":12,"column":1}},"line":4},"1":{"name":"(anonymous_1)","decl":{"start":{"line":14,"column":31},"end":{"line":14,"column":32}},"loc":{"start":{"line":14,"column":66},"end":{"line":22,"column":1}},"line":14}},"branchMap":{},"s":{"0":2,"1":2,"2":2,"3":8,"4":8,"5":8,"6":2,"7":6,"8":2,"9":10,"10":10,"11":10,"12":4,"13":6},"f":{"0":8,"1":10},"b":{},"_coverageSchema":"1a1c01bbd47fc00a2c39e90264f33305004495a9","hash":"e611da1e0f05e23b1857df598c022f72c9d15dcb"}
,"C:\\Users\\bmfas\\Downloads\\Nova pasta\\Testes\\testes\\Background\\background.js": {"path":"C:\\Users\\bmfas\\Downloads\\Nova pasta\\Testes\\testes\\Background\\background.js","statementMap":{"0":{"start":{"line":1,"column":14},"end":{"line":1,"column":30}},"1":{"start":{"line":2,"column":19},"end":{"line":2,"column":42}},"2":{"start":{"line":4,"column":0},"end":{"line":12,"column":2}},"3":{"start":{"line":5,"column":2},"end":{"line":11,"column":3}},"4":{"start":{"line":6,"column":19},"end":{"line":6,"column":51}},"5":{"start":{"line":7,"column":21},"end":{"line":7,"column":99}},"6":{"start":{"line":8,"column":4},"end":{"line":8,"column":25}},"7":{"start":{"line":10,"column":4},"end":{"line":10,"column":31}},"8":{"start":{"line":14,"column":0},"end":{"line":22,"column":2}},"9":{"start":{"line":15,"column":2},"end":{"line":21,"column":3}},"10":{"start":{"line":16,"column":19},"end":{"line":16,"column":51}},"11":{"start":{"line":17,"column":21},"end":{"line":17,"column":107}},"12":{"start":{"line":18,"column":4},"end":{"line":18,"column":25}},"13":{"start":{"line":20,"column":4},"end":{"line":20,"column":35}}},"fnMap":{"0":{"name":"(anonymous_0)","decl":{"start":{"line":4,"column":31},"end":{"line":4,"column":32}},"loc":{"start":{"line":4,"column":56},"end":{"line":12,"column":1}},"line":4},"1":{"name":"(anonymous_1)","decl":{"start":{"line":14,"column":31},"end":{"line":14,"column":32}},"loc":{"start":{"line":14,"column":66},"end":{"line":22,"column":1}},"line":14}},"branchMap":{},"s":{"0":1,"1":1,"2":1,"3":4,"4":4,"5":4,"6":1,"7":3,"8":1,"9":5,"10":5,"11":5,"12":2,"13":3},"f":{"0":4,"1":5},"b":{},"_coverageSchema":"1a1c01bbd47fc00a2c39e90264f33305004495a9","hash":"a73326a355a5a631360f2a85b342660ec1673729"}
,"C:\\Users\\bmfas\\Downloads\\Nova pasta\\Testes\\testes\\Comments\\comments.js": {"path":"C:\\Users\\bmfas\\Downloads\\Nova pasta\\Testes\\testes\\Comments\\comments.js","statementMap":{"0":{"start":{"line":1,"column":14},"end":{"line":1,"column":30}},"1":{"start":{"line":2,"column":19},"end":{"line":2,"column":42}},"2":{"start":{"line":4,"column":0},"end":{"line":12,"column":2}},"3":{"start":{"line":5,"column":2},"end":{"line":11,"column":3}},"4":{"start":{"line":6,"column":19},"end":{"line":6,"column":36}},"5":{"start":{"line":7,"column":21},"end":{"line":7,"column":111}},"6":{"start":{"line":8,"column":4},"end":{"line":8,"column":25}},"7":{"start":{"line":10,"column":4},"end":{"line":10,"column":46}},"8":{"start":{"line":14,"column":0},"end":{"line":22,"column":2}},"9":{"start":{"line":15,"column":2},"end":{"line":21,"column":3}},"10":{"start":{"line":16,"column":19},"end":{"line":16,"column":36}},"11":{"start":{"line":17,"column":21},"end":{"line":17,"column":134}},"12":{"start":{"line":18,"column":4},"end":{"line":18,"column":25}},"13":{"start":{"line":20,"column":4},"end":{"line":20,"column":44}},"14":{"start":{"line":24,"column":0},"end":{"line":32,"column":2}},"15":{"start":{"line":25,"column":2},"end":{"line":31,"column":3}},"16":{"start":{"line":26,"column":19},"end":{"line":26,"column":36}},"17":{"start":{"line":27,"column":21},"end":{"line":27,"column":121}},"18":{"start":{"line":28,"column":4},"end":{"line":28,"column":25}},"19":{"start":{"line":30,"column":4},"end":{"line":30,"column":51}},"20":{"start":{"line":34,"column":0},"end":{"line":42,"column":2}},"21":{"start":{"line":35,"column":2},"end":{"line":41,"column":3}},"22":{"start":{"line":36,"column":19},"end":{"line":36,"column":36}},"23":{"start":{"line":37,"column":21},"end":{"line":37,"column":124}},"24":{"start":{"line":38,"column":4},"end":{"line":38,"column":25}},"25":{"start":{"line":40,"column":4},"end":{"line":40,"column":46}}},"fnMap":{"0":{"name":"(anonymous_0)","decl":{"start":{"line":4,"column":28},"end":{"line":4,"column":29}},"loc":{"start":{"line":4,"column":54},"end":{"line":12,"column":1}},"line":4},"1":{"name":"(anonymous_1)","decl":{"start":{"line":14,"column":22},"end":{"line":14,"column":23}},"loc":{"start":{"line":14,"column":63},"end":{"line":22,"column":1}},"line":14},"2":{"name":"(anonymous_2)","decl":{"start":{"line":24,"column":26},"end":{"line":24,"column":27}},"loc":{"start":{"line":24,"column":59},"end":{"line":32,"column":1}},"line":24},"3":{"name":"(anonymous_3)","decl":{"start":{"line":34,"column":24},"end":{"line":34,"column":25}},"loc":{"start":{"line":34,"column":57},"end":{"line":42,"column":1}},"line":34}},"branchMap":{},"s":{"0":1,"1":1,"2":1,"3":5,"4":5,"5":5,"6":1,"7":4,"8":1,"9":8,"10":8,"11":8,"12":1,"13":7,"14":1,"15":3,"16":3,"17":3,"18":1,"19":2,"20":1,"21":7,"22":7,"23":7,"24":1,"25":6},"f":{"0":5,"1":8,"2":3,"3":7},"b":{},"_coverageSchema":"1a1c01bbd47fc00a2c39e90264f33305004495a9","hash":"927f007ff00f47aa3e1bcb7fcc30473f470ebdcf"}
,"C:\\Users\\bmfas\\Downloads\\Nova pasta\\Testes\\testes\\Positions\\positions.js": {"path":"C:\\Users\\bmfas\\Downloads\\Nova pasta\\Testes\\testes\\Positions\\positions.js","statementMap":{"0":{"start":{"line":1,"column":14},"end":{"line":1,"column":30}},"1":{"start":{"line":2,"column":19},"end":{"line":2,"column":42}},"2":{"start":{"line":4,"column":0},"end":{"line":12,"column":2}},"3":{"start":{"line":5,"column":2},"end":{"line":11,"column":3}},"4":{"start":{"line":6,"column":19},"end":{"line":6,"column":51}},"5":{"start":{"line":7,"column":21},"end":{"line":7,"column":88}},"6":{"start":{"line":8,"column":4},"end":{"line":8,"column":25}},"7":{"start":{"line":10,"column":6},"end":{"line":10,"column":43}},"8":{"start":{"line":14,"column":0},"end":{"line":22,"column":2}},"9":{"start":{"line":15,"column":2},"end":{"line":21,"column":3}},"10":{"start":{"line":16,"column":19},"end":{"line":16,"column":51}},"11":{"start":{"line":17,"column":21},"end":{"line":17,"column":103}},"12":{"start":{"line":18,"column":4},"end":{"line":18,"column":25}},"13":{"start":{"line":20,"column":6},"end":{"line":20,"column":43}}},"fnMap":{"0":{"name":"(anonymous_0)","decl":{"start":{"line":4,"column":23},"end":{"line":4,"column":24}},"loc":{"start":{"line":4,"column":45},"end":{"line":12,"column":1}},"line":4},"1":{"name":"(anonymous_1)","decl":{"start":{"line":14,"column":25},"end":{"line":14,"column":26}},"loc":{"start":{"line":14,"column":57},"end":{"line":22,"column":1}},"line":14}},"branchMap":{},"s":{"0":1,"1":1,"2":1,"3":2,"4":2,"5":2,"6":1,"7":1,"8":1,"9":3,"10":3,"11":3,"12":1,"13":2},"f":{"0":2,"1":3},"b":{},"_coverageSchema":"1a1c01bbd47fc00a2c39e90264f33305004495a9","hash":"48d6ce34a4b0ae7c8741e36765d8baad1bb0727d"}
,"C:\\Users\\bmfas\\Downloads\\Nova pasta\\Testes\\testes\\Posts\\post.js": {"path":"C:\\Users\\bmfas\\Downloads\\Nova pasta\\Testes\\testes\\Posts\\post.js","statementMap":{"0":{"start":{"line":1,"column":14},"end":{"line":1,"column":30}},"1":{"start":{"line":2,"column":19},"end":{"line":2,"column":42}},"2":{"start":{"line":4,"column":0},"end":{"line":12,"column":2}},"3":{"start":{"line":5,"column":2},"end":{"line":11,"column":3}},"4":{"start":{"line":6,"column":19},"end":{"line":6,"column":51}},"5":{"start":{"line":7,"column":21},"end":{"line":7,"column":93}},"6":{"start":{"line":8,"column":4},"end":{"line":8,"column":25}},"7":{"start":{"line":10,"column":4},"end":{"line":10,"column":25}},"8":{"start":{"line":13,"column":0},"end":{"line":25,"column":2}},"9":{"start":{"line":14,"column":2},"end":{"line":24,"column":3}},"10":{"start":{"line":15,"column":20},"end":{"line":18,"column":5}},"11":{"start":{"line":20,"column":21},"end":{"line":20,"column":83}},"12":{"start":{"line":21,"column":4},"end":{"line":21,"column":25}},"13":{"start":{"line":23,"column":4},"end":{"line":23,"column":35}},"14":{"start":{"line":27,"column":0},"end":{"line":34,"column":2}},"15":{"start":{"line":28,"column":2},"end":{"line":33,"column":3}},"16":{"start":{"line":29,"column":21},"end":{"line":29,"column":60}},"17":{"start":{"line":30,"column":4},"end":{"line":30,"column":25}},"18":{"start":{"line":32,"column":4},"end":{"line":32,"column":45}},"19":{"start":{"line":36,"column":0},"end":{"line":48,"column":2}},"20":{"start":{"line":37,"column":2},"end":{"line":47,"column":3}},"21":{"start":{"line":38,"column":20},"end":{"line":41,"column":5}},"22":{"start":{"line":43,"column":21},"end":{"line":43,"column":105}},"23":{"start":{"line":44,"column":4},"end":{"line":44,"column":25}},"24":{"start":{"line":46,"column":4},"end":{"line":46,"column":104}},"25":{"start":{"line":50,"column":0},"end":{"line":57,"column":2}},"26":{"start":{"line":51,"column":2},"end":{"line":56,"column":3}},"27":{"start":{"line":52,"column":21},"end":{"line":52,"column":78}},"28":{"start":{"line":53,"column":4},"end":{"line":53,"column":25}},"29":{"start":{"line":55,"column":4},"end":{"line":55,"column":108}},"30":{"start":{"line":59,"column":0},"end":{"line":71,"column":2}},"31":{"start":{"line":60,"column":2},"end":{"line":70,"column":3}},"32":{"start":{"line":61,"column":20},"end":{"line":64,"column":5}},"33":{"start":{"line":66,"column":21},"end":{"line":66,"column":103}},"34":{"start":{"line":67,"column":4},"end":{"line":67,"column":25}},"35":{"start":{"line":69,"column":4},"end":{"line":69,"column":109}},"36":{"start":{"line":73,"column":0},"end":{"line":88,"column":2}},"37":{"start":{"line":74,"column":2},"end":{"line":87,"column":3}},"38":{"start":{"line":75,"column":20},"end":{"line":78,"column":5}},"39":{"start":{"line":80,"column":21},"end":{"line":83,"column":6}},"40":{"start":{"line":84,"column":4},"end":{"line":84,"column":25}},"41":{"start":{"line":86,"column":4},"end":{"line":86,"column":109}},"42":{"start":{"line":90,"column":0},"end":{"line":102,"column":2}},"43":{"start":{"line":91,"column":2},"end":{"line":101,"column":3}},"44":{"start":{"line":92,"column":20},"end":{"line":95,"column":5}},"45":{"start":{"line":97,"column":21},"end":{"line":97,"column":96}},"46":{"start":{"line":98,"column":4},"end":{"line":98,"column":25}},"47":{"start":{"line":100,"column":4},"end":{"line":100,"column":113}},"48":{"start":{"line":104,"column":0},"end":{"line":116,"column":2}},"49":{"start":{"line":105,"column":2},"end":{"line":115,"column":3}},"50":{"start":{"line":106,"column":20},"end":{"line":109,"column":5}},"51":{"start":{"line":111,"column":21},"end":{"line":111,"column":88}},"52":{"start":{"line":112,"column":4},"end":{"line":112,"column":25}},"53":{"start":{"line":114,"column":4},"end":{"line":114,"column":105}},"54":{"start":{"line":118,"column":0},"end":{"line":130,"column":2}},"55":{"start":{"line":119,"column":2},"end":{"line":129,"column":3}},"56":{"start":{"line":120,"column":20},"end":{"line":123,"column":5}},"57":{"start":{"line":125,"column":21},"end":{"line":125,"column":109}},"58":{"start":{"line":126,"column":4},"end":{"line":126,"column":25}},"59":{"start":{"line":128,"column":4},"end":{"line":128,"column":105}},"60":{"start":{"line":132,"column":0},"end":{"line":144,"column":2}},"61":{"start":{"line":133,"column":2},"end":{"line":143,"column":3}},"62":{"start":{"line":134,"column":20},"end":{"line":137,"column":5}},"63":{"start":{"line":139,"column":21},"end":{"line":139,"column":101}},"64":{"start":{"line":140,"column":4},"end":{"line":140,"column":25}},"65":{"start":{"line":142,"column":4},"end":{"line":142,"column":102}}},"fnMap":{"0":{"name":"(anonymous_0)","decl":{"start":{"line":4,"column":25},"end":{"line":4,"column":26}},"loc":{"start":{"line":4,"column":50},"end":{"line":12,"column":1}},"line":4},"1":{"name":"(anonymous_1)","decl":{"start":{"line":13,"column":21},"end":{"line":13,"column":22}},"loc":{"start":{"line":13,"column":53},"end":{"line":25,"column":1}},"line":13},"2":{"name":"(anonymous_2)","decl":{"start":{"line":27,"column":19},"end":{"line":27,"column":20}},"loc":{"start":{"line":27,"column":36},"end":{"line":34,"column":1}},"line":27},"3":{"name":"(anonymous_3)","decl":{"start":{"line":36,"column":24},"end":{"line":36,"column":25}},"loc":{"start":{"line":36,"column":67},"end":{"line":48,"column":1}},"line":36},"4":{"name":"(anonymous_4)","decl":{"start":{"line":50,"column":22},"end":{"line":50,"column":23}},"loc":{"start":{"line":50,"column":45},"end":{"line":57,"column":1}},"line":50},"5":{"name":"(anonymous_5)","decl":{"start":{"line":59,"column":25},"end":{"line":59,"column":26}},"loc":{"start":{"line":59,"column":61},"end":{"line":71,"column":1}},"line":59},"6":{"name":"(anonymous_6)","decl":{"start":{"line":73,"column":25},"end":{"line":73,"column":26}},"loc":{"start":{"line":73,"column":61},"end":{"line":88,"column":1}},"line":73},"7":{"name":"(anonymous_7)","decl":{"start":{"line":90,"column":26},"end":{"line":90,"column":27}},"loc":{"start":{"line":90,"column":56},"end":{"line":102,"column":1}},"line":90},"8":{"name":"(anonymous_8)","decl":{"start":{"line":104,"column":19},"end":{"line":104,"column":20}},"loc":{"start":{"line":104,"column":49},"end":{"line":116,"column":1}},"line":104},"9":{"name":"(anonymous_9)","decl":{"start":{"line":118,"column":21},"end":{"line":118,"column":22}},"loc":{"start":{"line":118,"column":59},"end":{"line":130,"column":1}},"line":118},"10":{"name":"(anonymous_10)","decl":{"start":{"line":132,"column":18},"end":{"line":132,"column":19}},"loc":{"start":{"line":132,"column":56},"end":{"line":144,"column":1}},"line":132}},"branchMap":{"0":{"loc":{"start":{"line":46,"column":20},"end":{"line":46,"column":102}},"type":"binary-expr","locations":[{"start":{"line":46,"column":20},"end":{"line":46,"column":43}},{"start":{"line":46,"column":47},"end":{"line":46,"column":72}},{"start":{"line":46,"column":76},"end":{"line":46,"column":102}}],"line":46},"1":{"loc":{"start":{"line":55,"column":20},"end":{"line":55,"column":106}},"type":"binary-expr","locations":[{"start":{"line":55,"column":20},"end":{"line":55,"column":45}},{"start":{"line":55,"column":49},"end":{"line":55,"column":76}},{"start":{"line":55,"column":80},"end":{"line":55,"column":106}}],"line":55},"2":{"loc":{"start":{"line":69,"column":20},"end":{"line":69,"column":107}},"type":"binary-expr","locations":[{"start":{"line":69,"column":20},"end":{"line":69,"column":45}},{"start":{"line":69,"column":49},"end":{"line":69,"column":76}},{"start":{"line":69,"column":80},"end":{"line":69,"column":107}}],"line":69},"3":{"loc":{"start":{"line":86,"column":20},"end":{"line":86,"column":107}},"type":"binary-expr","locations":[{"start":{"line":86,"column":20},"end":{"line":86,"column":45}},{"start":{"line":86,"column":49},"end":{"line":86,"column":76}},{"start":{"line":86,"column":80},"end":{"line":86,"column":107}}],"line":86},"4":{"loc":{"start":{"line":100,"column":20},"end":{"line":100,"column":111}},"type":"binary-expr","locations":[{"start":{"line":100,"column":20},"end":{"line":100,"column":45}},{"start":{"line":100,"column":49},"end":{"line":100,"column":76}},{"start":{"line":100,"column":80},"end":{"line":100,"column":111}}],"line":100},"5":{"loc":{"start":{"line":114,"column":20},"end":{"line":114,"column":103}},"type":"binary-expr","locations":[{"start":{"line":114,"column":20},"end":{"line":114,"column":45}},{"start":{"line":114,"column":49},"end":{"line":114,"column":76}},{"start":{"line":114,"column":80},"end":{"line":114,"column":103}}],"line":114},"6":{"loc":{"start":{"line":128,"column":20},"end":{"line":128,"column":103}},"type":"binary-expr","locations":[{"start":{"line":128,"column":20},"end":{"line":128,"column":45}},{"start":{"line":128,"column":49},"end":{"line":128,"column":76}},{"start":{"line":128,"column":80},"end":{"line":128,"column":103}}],"line":128},"7":{"loc":{"start":{"line":142,"column":20},"end":{"line":142,"column":100}},"type":"binary-expr","locations":[{"start":{"line":142,"column":20},"end":{"line":142,"column":45}},{"start":{"line":142,"column":49},"end":{"line":142,"column":76}},{"start":{"line":142,"column":80},"end":{"line":142,"column":100}}],"line":142}},"s":{"0":1,"1":1,"2":1,"3":2,"4":2,"5":2,"6":1,"7":1,"8":1,"9":2,"10":2,"11":2,"12":1,"13":1,"14":1,"15":2,"16":2,"17":1,"18":1,"19":1,"20":8,"21":8,"22":8,"23":1,"24":7,"25":1,"26":3,"27":3,"28":1,"29":2,"30":1,"31":8,"32":8,"33":8,"34":1,"35":7,"36":1,"37":6,"38":6,"39":6,"40":1,"41":5,"42":1,"43":3,"44":3,"45":3,"46":1,"47":2,"48":1,"49":3,"50":3,"51":3,"52":1,"53":2,"54":1,"55":6,"56":6,"57":6,"58":1,"59":5,"60":1,"61":5,"62":5,"63":5,"64":1,"65":4},"f":{"0":2,"1":2,"2":2,"3":8,"4":3,"5":8,"6":6,"7":3,"8":3,"9":6,"10":5},"b":{"0":[7,1,0],"1":[2,1,0],"2":[7,2,0],"3":[5,3,0],"4":[2,1,0],"5":[2,1,0],"6":[5,3,0],"7":[4,1,0]},"_coverageSchema":"1a1c01bbd47fc00a2c39e90264f33305004495a9","hash":"0dcd8098c550732810a3b3a8f93b940f38837953"}
,"C:\\Users\\bmfas\\Downloads\\Nova pasta\\Testes\\testes\\Users\\user.js": {"path":"C:\\Users\\bmfas\\Downloads\\Nova pasta\\Testes\\testes\\Users\\user.js","statementMap":{"0":{"start":{"line":1,"column":14},"end":{"line":1,"column":30}},"1":{"start":{"line":2,"column":19},"end":{"line":2,"column":42}},"2":{"start":{"line":4,"column":0},"end":{"line":21,"column":2}},"3":{"start":{"line":5,"column":2},"end":{"line":7,"column":3}},"4":{"start":{"line":6,"column":4},"end":{"line":6,"column":67}},"5":{"start":{"line":8,"column":2},"end":{"line":20,"column":3}},"6":{"start":{"line":9,"column":21},"end":{"line":12,"column":5}},"7":{"start":{"line":13,"column":4},"end":{"line":13,"column":25}},"8":{"start":{"line":15,"column":4},"end":{"line":19,"column":5}},"9":{"start":{"line":16,"column":6},"end":{"line":16,"column":45}},"10":{"start":{"line":18,"column":6},"end":{"line":18,"column":41}},"11":{"start":{"line":23,"column":0},"end":{"line":39,"column":2}},"12":{"start":{"line":24,"column":2},"end":{"line":26,"column":3}},"13":{"start":{"line":25,"column":4},"end":{"line":25,"column":77}},"14":{"start":{"line":27,"column":2},"end":{"line":29,"column":3}},"15":{"start":{"line":28,"column":4},"end":{"line":28,"column":53}},"16":{"start":{"line":30,"column":2},"end":{"line":38,"column":3}},"17":{"start":{"line":31,"column":21},"end":{"line":34,"column":5}},"18":{"start":{"line":35,"column":4},"end":{"line":35,"column":25}},"19":{"start":{"line":37,"column":6},"end":{"line":37,"column":57}},"20":{"start":{"line":41,"column":0},"end":{"line":51,"column":2}},"21":{"start":{"line":42,"column":2},"end":{"line":44,"column":3}},"22":{"start":{"line":43,"column":4},"end":{"line":43,"column":50}},"23":{"start":{"line":45,"column":2},"end":{"line":50,"column":3}},"24":{"start":{"line":46,"column":21},"end":{"line":46,"column":65}},"25":{"start":{"line":47,"column":4},"end":{"line":47,"column":25}},"26":{"start":{"line":49,"column":4},"end":{"line":49,"column":29}},"27":{"start":{"line":53,"column":0},"end":{"line":60,"column":2}},"28":{"start":{"line":54,"column":2},"end":{"line":59,"column":3}},"29":{"start":{"line":55,"column":21},"end":{"line":55,"column":59}},"30":{"start":{"line":56,"column":4},"end":{"line":56,"column":25}},"31":{"start":{"line":58,"column":4},"end":{"line":58,"column":29}},"32":{"start":{"line":62,"column":0},"end":{"line":74,"column":2}},"33":{"start":{"line":63,"column":2},"end":{"line":65,"column":3}},"34":{"start":{"line":64,"column":4},"end":{"line":64,"column":50}},"35":{"start":{"line":66,"column":2},"end":{"line":68,"column":3}},"36":{"start":{"line":67,"column":4},"end":{"line":67,"column":56}},"37":{"start":{"line":69,"column":2},"end":{"line":73,"column":3}},"38":{"start":{"line":70,"column":21},"end":{"line":70,"column":95}},"39":{"start":{"line":71,"column":4},"end":{"line":71,"column":25}},"40":{"start":{"line":76,"column":0},"end":{"line":86,"column":2}},"41":{"start":{"line":77,"column":2},"end":{"line":79,"column":3}},"42":{"start":{"line":78,"column":4},"end":{"line":78,"column":50}},"43":{"start":{"line":80,"column":2},"end":{"line":85,"column":3}},"44":{"start":{"line":81,"column":21},"end":{"line":81,"column":68}},"45":{"start":{"line":82,"column":4},"end":{"line":82,"column":25}},"46":{"start":{"line":84,"column":6},"end":{"line":84,"column":47}},"47":{"start":{"line":88,"column":0},"end":{"line":109,"column":2}},"48":{"start":{"line":89,"column":70},"end":{"line":89,"column":74}},"49":{"start":{"line":91,"column":2},"end":{"line":93,"column":3}},"50":{"start":{"line":92,"column":4},"end":{"line":92,"column":117}},"51":{"start":{"line":95,"column":2},"end":{"line":108,"column":3}},"52":{"start":{"line":96,"column":21},"end":{"line":96,"column":89}},"53":{"start":{"line":97,"column":4},"end":{"line":97,"column":25}},"54":{"start":{"line":99,"column":31},"end":{"line":99,"column":45}},"55":{"start":{"line":100,"column":6},"end":{"line":106,"column":7}},"56":{"start":{"line":101,"column":8},"end":{"line":101,"column":65}},"57":{"start":{"line":102,"column":13},"end":{"line":106,"column":7}},"58":{"start":{"line":103,"column":8},"end":{"line":103,"column":62}},"59":{"start":{"line":105,"column":8},"end":{"line":105,"column":71}}},"fnMap":{"0":{"name":"(anonymous_0)","decl":{"start":{"line":4,"column":16},"end":{"line":4,"column":17}},"loc":{"start":{"line":4,"column":52},"end":{"line":21,"column":1}},"line":4},"1":{"name":"(anonymous_1)","decl":{"start":{"line":23,"column":21},"end":{"line":23,"column":22}},"loc":{"start":{"line":23,"column":63},"end":{"line":39,"column":1}},"line":23},"2":{"name":"(anonymous_2)","decl":{"start":{"line":41,"column":22},"end":{"line":41,"column":23}},"loc":{"start":{"line":41,"column":42},"end":{"line":51,"column":1}},"line":41},"3":{"name":"(anonymous_3)","decl":{"start":{"line":53,"column":22},"end":{"line":53,"column":23}},"loc":{"start":{"line":53,"column":40},"end":{"line":60,"column":1}},"line":53},"4":{"name":"(anonymous_4)","decl":{"start":{"line":62,"column":29},"end":{"line":62,"column":30}},"loc":{"start":{"line":62,"column":55},"end":{"line":74,"column":1}},"line":62},"5":{"name":"(anonymous_5)","decl":{"start":{"line":76,"column":20},"end":{"line":76,"column":21}},"loc":{"start":{"line":76,"column":40},"end":{"line":86,"column":1}},"line":76},"6":{"name":"(anonymous_6)","decl":{"start":{"line":88,"column":31},"end":{"line":88,"column":32}},"loc":{"start":{"line":88,"column":62},"end":{"line":109,"column":1}},"line":88}},"branchMap":{"0":{"loc":{"start":{"line":5,"column":2},"end":{"line":7,"column":3}},"type":"if","locations":[{"start":{"line":5,"column":2},"end":{"line":7,"column":3}},{"start":{},"end":{}}],"line":5},"1":{"loc":{"start":{"line":5,"column":6},"end":{"line":5,"column":28}},"type":"binary-expr","locations":[{"start":{"line":5,"column":6},"end":{"line":5,"column":15}},{"start":{"line":5,"column":19},"end":{"line":5,"column":28}}],"line":5},"2":{"loc":{"start":{"line":15,"column":4},"end":{"line":19,"column":5}},"type":"if","locations":[{"start":{"line":15,"column":4},"end":{"line":19,"column":5}},{"start":{"line":17,"column":10},"end":{"line":19,"column":5}}],"line":15},"3":{"loc":{"start":{"line":15,"column":8},"end":{"line":15,"column":55}},"type":"binary-expr","locations":[{"start":{"line":15,"column":8},"end":{"line":15,"column":22}},{"start":{"line":15,"column":26},"end":{"line":15,"column":55}}],"line":15},"4":{"loc":{"start":{"line":24,"column":2},"end":{"line":26,"column":3}},"type":"if","locations":[{"start":{"line":24,"column":2},"end":{"line":26,"column":3}},{"start":{},"end":{}}],"line":24},"5":{"loc":{"start":{"line":24,"column":6},"end":{"line":24,"column":37}},"type":"binary-expr","locations":[{"start":{"line":24,"column":6},"end":{"line":24,"column":15}},{"start":{"line":24,"column":19},"end":{"line":24,"column":28}},{"start":{"line":24,"column":32},"end":{"line":24,"column":37}}],"line":24},"6":{"loc":{"start":{"line":27,"column":2},"end":{"line":29,"column":3}},"type":"if","locations":[{"start":{"line":27,"column":2},"end":{"line":29,"column":3}},{"start":{},"end":{}}],"line":27},"7":{"loc":{"start":{"line":27,"column":6},"end":{"line":27,"column":44}},"type":"binary-expr","locations":[{"start":{"line":27,"column":6},"end":{"line":27,"column":24}},{"start":{"line":27,"column":28},"end":{"line":27,"column":44}}],"line":27},"8":{"loc":{"start":{"line":42,"column":2},"end":{"line":44,"column":3}},"type":"if","locations":[{"start":{"line":42,"column":2},"end":{"line":44,"column":3}},{"start":{},"end":{}}],"line":42},"9":{"loc":{"start":{"line":63,"column":2},"end":{"line":65,"column":3}},"type":"if","locations":[{"start":{"line":63,"column":2},"end":{"line":65,"column":3}},{"start":{},"end":{}}],"line":63},"10":{"loc":{"start":{"line":66,"column":2},"end":{"line":68,"column":3}},"type":"if","locations":[{"start":{"line":66,"column":2},"end":{"line":68,"column":3}},{"start":{},"end":{}}],"line":66},"11":{"loc":{"start":{"line":77,"column":2},"end":{"line":79,"column":3}},"type":"if","locations":[{"start":{"line":77,"column":2},"end":{"line":79,"column":3}},{"start":{},"end":{}}],"line":77},"12":{"loc":{"start":{"line":91,"column":2},"end":{"line":93,"column":3}},"type":"if","locations":[{"start":{"line":91,"column":2},"end":{"line":93,"column":3}},{"start":{},"end":{}}],"line":91},"13":{"loc":{"start":{"line":91,"column":6},"end":{"line":91,"column":86}},"type":"binary-expr","locations":[{"start":{"line":91,"column":6},"end":{"line":91,"column":14}},{"start":{"line":91,"column":18},"end":{"line":91,"column":29}},{"start":{"line":91,"column":33},"end":{"line":91,"column":45}},{"start":{"line":91,"column":49},"end":{"line":91,"column":59}},{"start":{"line":91,"column":63},"end":{"line":91,"column":71}},{"start":{"line":91,"column":75},"end":{"line":91,"column":86}}],"line":91},"14":{"loc":{"start":{"line":100,"column":6},"end":{"line":106,"column":7}},"type":"if","locations":[{"start":{"line":100,"column":6},"end":{"line":106,"column":7}},{"start":{"line":102,"column":13},"end":{"line":106,"column":7}}],"line":100},"15":{"loc":{"start":{"line":102,"column":13},"end":{"line":106,"column":7}},"type":"if","locations":[{"start":{"line":102,"column":13},"end":{"line":106,"column":7}},{"start":{"line":104,"column":13},"end":{"line":106,"column":7}}],"line":102}},"s":{"0":1,"1":1,"2":1,"3":5,"4":2,"5":3,"6":3,"7":1,"8":2,"9":1,"10":1,"11":1,"12":6,"13":3,"14":3,"15":1,"16":2,"17":2,"18":1,"19":1,"20":1,"21":3,"22":1,"23":2,"24":2,"25":1,"26":1,"27":1,"28":2,"29":2,"30":1,"31":1,"32":1,"33":3,"34":1,"35":2,"36":1,"37":1,"38":1,"39":1,"40":1,"41":4,"42":1,"43":3,"44":3,"45":1,"46":2,"47":1,"48":5,"49":5,"50":1,"51":4,"52":4,"53":1,"54":3,"55":3,"56":1,"57":2,"58":1,"59":1},"f":{"0":5,"1":6,"2":3,"3":2,"4":3,"5":4,"6":5},"b":{"0":[2,3],"1":[5,4],"2":[1,1],"3":[2,2],"4":[3,3],"5":[6,5,4],"6":[1,2],"7":[3,1],"8":[1,2],"9":[1,2],"10":[1,1],"11":[1,3],"12":[1,4],"13":[5,4,4,4,4,4],"14":[1,2],"15":[1,1]},"_coverageSchema":"1a1c01bbd47fc00a2c39e90264f33305004495a9","hash":"a05d226a2791e8139d829b2a107c5da78a496824"}
}
