TN:
SF:testes\config.js
FNF:0
FNH:0
DA:1,6
DA:3,6
LF:2
LH:2
BRF:0
BRH:0
end_of_record
TN:
SF:testes\typePosts_districs.js
FN:4,(anonymous_0)
FN:14,(anonymous_1)
FNF:2
FNH:2
FNDA:8,(anonymous_0)
FNDA:10,(anonymous_1)
DA:1,2
DA:2,2
DA:4,2
DA:5,8
DA:6,8
DA:7,8
DA:8,2
DA:10,6
DA:14,2
DA:15,10
DA:16,10
DA:17,10
DA:18,4
DA:20,6
LF:14
LH:14
BRF:0
BRH:0
end_of_record
TN:
SF:testes\Background\background.js
FN:4,(anonymous_0)
FN:14,(anonymous_1)
FNF:2
FNH:2
FNDA:4,(anonymous_0)
FNDA:5,(anonymous_1)
DA:1,1
DA:2,1
DA:4,1
DA:5,4
DA:6,4
DA:7,4
DA:8,1
DA:10,3
DA:14,1
DA:15,5
DA:16,5
DA:17,5
DA:18,2
DA:20,3
LF:14
LH:14
BRF:0
BRH:0
end_of_record
TN:
SF:testes\Comments\comments.js
FN:4,(anonymous_0)
FN:14,(anonymous_1)
FN:24,(anonymous_2)
FN:34,(anonymous_3)
FNF:4
FNH:4
FNDA:5,(anonymous_0)
FNDA:8,(anonymous_1)
FNDA:3,(anonymous_2)
FNDA:7,(anonymous_3)
DA:1,1
DA:2,1
DA:4,1
DA:5,5
DA:6,5
DA:7,5
DA:8,1
DA:10,4
DA:14,1
DA:15,8
DA:16,8
DA:17,8
DA:18,1
DA:20,7
DA:24,1
DA:25,3
DA:26,3
DA:27,3
DA:28,1
DA:30,2
DA:34,1
DA:35,7
DA:36,7
DA:37,7
DA:38,1
DA:40,6
LF:26
LH:26
BRF:0
BRH:0
end_of_record
TN:
SF:testes\Positions\positions.js
FN:4,(anonymous_0)
FN:14,(anonymous_1)
FNF:2
FNH:2
FNDA:2,(anonymous_0)
FNDA:3,(anonymous_1)
DA:1,1
DA:2,1
DA:4,1
DA:5,2
DA:6,2
DA:7,2
DA:8,1
DA:10,1
DA:14,1
DA:15,3
DA:16,3
DA:17,3
DA:18,1
DA:20,2
LF:14
LH:14
BRF:0
BRH:0
end_of_record
TN:
SF:testes\Posts\post.js
FN:4,(anonymous_0)
FN:13,(anonymous_1)
FN:27,(anonymous_2)
FN:36,(anonymous_3)
FN:50,(anonymous_4)
FN:59,(anonymous_5)
FN:73,(anonymous_6)
FN:90,(anonymous_7)
FN:104,(anonymous_8)
FN:118,(anonymous_9)
FN:132,(anonymous_10)
FNF:11
FNH:11
FNDA:2,(anonymous_0)
FNDA:2,(anonymous_1)
FNDA:2,(anonymous_2)
FNDA:8,(anonymous_3)
FNDA:3,(anonymous_4)
FNDA:8,(anonymous_5)
FNDA:6,(anonymous_6)
FNDA:3,(anonymous_7)
FNDA:3,(anonymous_8)
FNDA:6,(anonymous_9)
FNDA:5,(anonymous_10)
DA:1,1
DA:2,1
DA:4,1
DA:5,2
DA:6,2
DA:7,2
DA:8,1
DA:10,1
DA:13,1
DA:14,2
DA:15,2
DA:20,2
DA:21,1
DA:23,1
DA:27,1
DA:28,2
DA:29,2
DA:30,1
DA:32,1
DA:36,1
DA:37,8
DA:38,8
DA:43,8
DA:44,1
DA:46,7
DA:50,1
DA:51,3
DA:52,3
DA:53,1
DA:55,2
DA:59,1
DA:60,8
DA:61,8
DA:66,8
DA:67,1
DA:69,7
DA:73,1
DA:74,6
DA:75,6
DA:80,6
DA:84,1
DA:86,5
DA:90,1
DA:91,3
DA:92,3
DA:97,3
DA:98,1
DA:100,2
DA:104,1
DA:105,3
DA:106,3
DA:111,3
DA:112,1
DA:114,2
DA:118,1
DA:119,6
DA:120,6
DA:125,6
DA:126,1
DA:128,5
DA:132,1
DA:133,5
DA:134,5
DA:139,5
DA:140,1
DA:142,4
LF:66
LH:66
BRDA:46,0,0,7
BRDA:46,0,1,1
BRDA:46,0,2,0
BRDA:55,1,0,2
BRDA:55,1,1,1
BRDA:55,1,2,0
BRDA:69,2,0,7
BRDA:69,2,1,2
BRDA:69,2,2,0
BRDA:86,3,0,5
BRDA:86,3,1,3
BRDA:86,3,2,0
BRDA:100,4,0,2
BRDA:100,4,1,1
BRDA:100,4,2,0
BRDA:114,5,0,2
BRDA:114,5,1,1
BRDA:114,5,2,0
BRDA:128,6,0,5
BRDA:128,6,1,3
BRDA:128,6,2,0
BRDA:142,7,0,4
BRDA:142,7,1,1
BRDA:142,7,2,0
BRF:24
BRH:16
end_of_record
TN:
SF:testes\Users\user.js
FN:4,(anonymous_0)
FN:23,(anonymous_1)
FN:41,(anonymous_2)
FN:53,(anonymous_3)
FN:62,(anonymous_4)
FN:76,(anonymous_5)
FN:88,(anonymous_6)
FNF:7
FNH:7
FNDA:5,(anonymous_0)
FNDA:6,(anonymous_1)
FNDA:3,(anonymous_2)
FNDA:2,(anonymous_3)
FNDA:3,(anonymous_4)
FNDA:4,(anonymous_5)
FNDA:5,(anonymous_6)
DA:1,1
DA:2,1
DA:4,1
DA:5,5
DA:6,2
DA:8,3
DA:9,3
DA:13,1
DA:15,2
DA:16,1
DA:18,1
DA:23,1
DA:24,6
DA:25,3
DA:27,3
DA:28,1
DA:30,2
DA:31,2
DA:35,1
DA:37,1
DA:41,1
DA:42,3
DA:43,1
DA:45,2
DA:46,2
DA:47,1
DA:49,1
DA:53,1
DA:54,2
DA:55,2
DA:56,1
DA:58,1
DA:62,1
DA:63,3
DA:64,1
DA:66,2
DA:67,1
DA:69,1
DA:70,1
DA:71,1
DA:76,1
DA:77,4
DA:78,1
DA:80,3
DA:81,3
DA:82,1
DA:84,2
DA:88,1
DA:89,5
DA:91,5
DA:92,1
DA:95,4
DA:96,4
DA:97,1
DA:99,3
DA:100,3
DA:101,1
DA:102,2
DA:103,1
DA:105,1
LF:60
LH:60
BRDA:5,0,0,2
BRDA:5,0,1,3
BRDA:5,1,0,5
BRDA:5,1,1,4
BRDA:15,2,0,1
BRDA:15,2,1,1
BRDA:15,3,0,2
BRDA:15,3,1,2
BRDA:24,4,0,3
BRDA:24,4,1,3
BRDA:24,5,0,6
BRDA:24,5,1,5
BRDA:24,5,2,4
BRDA:27,6,0,1
BRDA:27,6,1,2
BRDA:27,7,0,3
BRDA:27,7,1,1
BRDA:42,8,0,1
BRDA:42,8,1,2
BRDA:63,9,0,1
BRDA:63,9,1,2
BRDA:66,10,0,1
BRDA:66,10,1,1
BRDA:77,11,0,1
BRDA:77,11,1,3
BRDA:91,12,0,1
BRDA:91,12,1,4
BRDA:91,13,0,5
BRDA:91,13,1,4
BRDA:91,13,2,4
BRDA:91,13,3,4
BRDA:91,13,4,4
BRDA:91,13,5,4
BRDA:100,14,0,1
BRDA:100,14,1,2
BRDA:102,15,0,1
BRDA:102,15,1,1
BRF:37
BRH:37
end_of_record
